生成启动时间为 2016/3/6 星期日 下午 9:01:23。
     1>项目“F:\！！！毕业设计\projects\MfcOpencvAtt\MfcOpencvAtt\MfcOpencvAtt.vcxproj”在节点 2 上(Build 个目标)。
     1>ResourceCompile:
         D:\Windows Kits\8.1\bin\x86\rc.exe /D _DEBUG /D _UNICODE /D UNICODE /D _AFXDLL /l"0x0804" /IDebug\ /nologo /fo"Debug\MfcOpencvAtt.res" MfcOpencvAtt.rc 
       Link:
         D:\Visual Stdio\VC\bin\link.exe /ERRORREPORT:PROMPT /OUT:"F:\！！！毕业设计\projects\MfcOpencvAtt\Debug\MfcOpencvAtt.exe" /INCREMENTAL /NOLOGO opencv_calib3d2410d.lib opencv_contrib2410d.lib opencv_core2410d.lib opencv_features2d2410d.lib opencv_flann2410d.lib opencv_gpu2410d.lib opencv_highgui2410d.lib opencv_imgproc2410d.lib opencv_legacy2410d.lib opencv_ml2410d.lib opencv_nonfree2410d.lib opencv_objdetect2410d.lib opencv_ocl2410d.lib opencv_photo2410d.lib opencv_stitching2410d.lib opencv_superres2410d.lib opencv_ts2410d.lib opencv_video2410d.lib opencv_videostab2410d.lib opencv_calib3d2410.lib opencv_contrib2410.lib opencv_core2410.lib opencv_features2d2410.lib opencv_flann2410.lib opencv_gpu2410.lib opencv_highgui2410.lib opencv_imgproc2410.lib opencv_legacy2410.lib opencv_ml2410.lib opencv_nonfree2410.lib opencv_objdetect2410.lib opencv_ocl2410.lib opencv_photo2410.lib opencv_stitching2410.lib opencv_superres2410.lib opencv_ts2410.lib opencv_video2410.lib opencv_videostab2410.lib /MANIFEST /MANIFESTUAC:"level='asInvoker' uiAccess='false'" /manifest:embed /manifestinput:"D:\Visual Stdio\VC\Include\Manifest\dpiaware.manifest" /DEBUG /PDB:"F:\！！！毕业设计\projects\MfcOpencvAtt\Debug\MfcOpencvAtt.pdb" /SUBSYSTEM:WINDOWS /TLBID:1 /ENTRY:"wWinMainCRTStartup" /DYNAMICBASE /NXCOMPAT /IMPLIB:"F:\！！！毕业设计\projects\MfcOpencvAtt\Debug\MfcOpencvAtt.lib" /MACHINE:X86 Debug\MfcOpencvAtt.res
         Debug\MfcOpencvAtt.obj
         Debug\MfcOpencvAttDlg.obj
         Debug\stdafx.obj
     1>MfcOpencvAttDlg.obj : error LNK2001: 无法解析的外部符号 "public: void __thiscall CMfcOpencvAttDlg::OnStnClickedShowStatic(void)" (?OnStnClickedShowStatic@CMfcOpencvAttDlg@@QAEXXZ)
     1>F:\！！！毕业设计\projects\MfcOpencvAtt\Debug\MfcOpencvAtt.exe : fatal error LNK1120: 1 个无法解析的外部命令
     1>已完成生成项目“F:\！！！毕业设计\projects\MfcOpencvAtt\MfcOpencvAtt\MfcOpencvAtt.vcxproj”(Build 个目标)的操作 - 失败。

生成失败。

已用时间 00:00:01.81
